<?xml version="1.0" encoding="UTF-8"?>
<testsuite xmlns:xsi="http://www.w3.org/2001/XMLSchema-instance" xsi:noNamespaceSchemaLocation="https://maven.apache.org/surefire/maven-surefire-plugin/xsd/surefire-test-report-3.0.xsd" version="3.0" name="runners.TestRunner" time="7.884" tests="11" errors="0" skipped="0" failures="1">
  <properties>
[...]
</properties>
  <testcase name="runScenario[&quot;Create, retrieve, log in, and log out a user in one test&quot;, &quot;End-to-End User Management in the Swagger Petstore API&quot;](1)" classname="runners.TestRunner" time="2.651">
    <failure message="The response should contain the message &apos;Pet deleted&apos; expected [true] but found [false]" type="java.lang.AssertionError"><![CDATA[java.lang.AssertionError: The response should contain the message 'Pet deleted' expected [true] but found [false]
]]></failure>
    <system-out><![CDATA[
Scenario: Create, retrieve, log in, and log out a user in one test                  &amp#27;[90m# src/test/java/features/e2e/HU_UserManagementE2E.feature:6&amp#27;[0m
Test Started
  &amp#27;[32mGiven &amp#27;[0m&amp#27;[32mI have the API endpoint to create a new user&amp#27;[0m                                &amp#27;[90m# steps.e2e.HU_UserManagementOperations.iHaveTheAPIEndpointToCreateANewUser()&amp#27;[0m
  &amp#27;[32mThen &amp#27;[0m&amp#27;[32mI provide a valid JSON payload with user details&amp#27;[0m                             &amp#27;[90m# steps.e2e.HU_UserManagementOperations.iProvideAValidJSONPayloadWithUserDetails()&amp#27;[0m
  &amp#27;[32mWhen &amp#27;[0m&amp#27;[32mI send a POST request to create the user &amp#27;[0m&amp#27;[32m&amp#27;[1m"user"&amp#27;[0m                              &amp#27;[90m# steps.e2e.HU_UserManagementOperations.iSendAPOSTRequestToCreateTheUserUser(java.lang.String)&amp#27;[0m
  &amp#27;[32mThen &amp#27;[0m&amp#27;[32mI should get a &amp#27;[0m&amp#27;[32m&amp#27;[1m200&amp#27;[0m&amp#27;[32m status code&amp#27;[0m                                               &amp#27;[90m# steps.e2e.HU_UserManagementOperations.iShouldGetA200StatusCode(int)&amp#27;[0m
  &amp#27;[32mThen &amp#27;[0m&amp#27;[32mthe response should confirm the user was created successfully&amp#27;[0m                &amp#27;[90m# steps.e2e.HU_UserManagementOperations.theResponseShouldConfirmTheUserWasCreatedSuccessfully()&amp#27;[0m
Test Started
  &amp#27;[32mGiven &amp#27;[0m&amp#27;[32mI have the API endpoint to get user details by username&amp#27;[0m                     &amp#27;[90m# steps.e2e.HU_UserManagementOperations.iHaveTheAPIEndpointToGetUserdetailsByUsername()&amp#27;[0m
  &amp#27;[32mWhen &amp#27;[0m&amp#27;[32mI send a GET request to retrieve the user &amp#27;[0m&amp#27;[32m&amp#27;[1m"user/"&amp#27;[0m                            &amp#27;[90m# steps.e2e.HU_UserManagementOperations.iSendAGETRequestToRetrieveTheUserUser(java.lang.String)&amp#27;[0m
  &amp#27;[32mThen &amp#27;[0m&amp#27;[32mI should get a &amp#27;[0m&amp#27;[32m&amp#27;[1m200&amp#27;[0m&amp#27;[32m status code&amp#27;[0m                                               &amp#27;[90m# steps.e2e.HU_UserManagementOperations.iShouldGetA200StatusCode(int)&amp#27;[0m
  &amp#27;[32mThen &amp#27;[0m&amp#27;[32mthe response should contain the details of the specified user&amp#27;[0m                &amp#27;[90m# steps.e2e.HU_UserManagementOperations.theResponseShouldContainTheDetailsOfTheSpecifiedUser()&amp#27;[0m
Test Started
  &amp#27;[32mGiven &amp#27;[0m&amp#27;[32mI have the API endpoint to log in a user&amp#27;[0m                                    &amp#27;[90m# steps.e2e.HU_UserManagementOperations.iHaveTheAPIEndpointToLogInAUser()&amp#27;[0m
  &amp#27;[32mWhen &amp#27;[0m&amp#27;[32mI send a GET request to log in the user with the valid username and password&amp#27;[0m &amp#27;[90m# steps.e2e.HU_UserManagementOperations.iSendAGETRequestToLogInTheUserWithTheValidUsernameAndPassword()&amp#27;[0m
  &amp#27;[32mThen &amp#27;[0m&amp#27;[32mI should get a &amp#27;[0m&amp#27;[32m&amp#27;[1m200&amp#27;[0m&amp#27;[32m status code&amp#27;[0m                                               &amp#27;[90m# steps.e2e.HU_UserManagementOperations.iShouldGetA200StatusCode(int)&amp#27;[0m
  &amp#27;[31mThen &amp#27;[0m&amp#27;[31mthe response should confirm the &amp#27;[0m&amp#27;[31m&amp#27;[1m"Logged in user session"&amp#27;[0m                     &amp#27;[90m# steps.e2e.HU_UserManagementOperations.theResponseShouldConfirmTheLoggedInUserSession(java.lang.String)&amp#27;[0m
      &amp#27;[31mjava.lang.AssertionError: The response should contain the message 'Pet deleted' expected [true] but found [false]
	at org.testng.Assert.fail(Assert.java:110)
	at org.testng.Assert.failNotEquals(Assert.java:1413)
	at org.testng.Assert.assertTrue(Assert.java:56)
	at steps.e2e.HU_UserManagementOperations.theResponseShouldConfirmTheLoggedInUserSession(HU_UserManagementOperations.java:80)
	at ✽.the response should confirm the "Logged in user session"(file:///C:/Codigo/local-swagger-petstore-java-restassured/src/test/java/features/e2e/HU_UserManagementE2E.feature:21)
&amp#27;[0m
  &amp#27;[36mGiven &amp#27;[0m&amp#27;[36mI have the API endpoint to log out the current logged in user&amp#27;[0m               &amp#27;[90m# steps.e2e.HU_UserManagementOperations.iHaveTheAPIEndpointToLogOutTheCurrentLoggedInUser()&amp#27;[0m
  &amp#27;[36mWhen &amp#27;[0m&amp#27;[36mI send a GET request to log out the user &amp#27;[0m&amp#27;[36m&amp#27;[1m"user/logout"&amp#27;[0m                       &amp#27;[90m# steps.e2e.HU_UserManagementOperations.iSendAGETRequestToLogOutTheUserUserLogout(java.lang.String)&amp#27;[0m
  &amp#27;[36mThen &amp#27;[0m&amp#27;[36mI should get a &amp#27;[0m&amp#27;[36m&amp#27;[1m200&amp#27;[0m&amp#27;[36m status code&amp#27;[0m                                               &amp#27;[90m# steps.e2e.HU_UserManagementOperations.iShouldGetA200StatusCode(int)&amp#27;[0m
  &amp#27;[36mThen &amp#27;[0m&amp#27;[36mthe response should confirm the &amp#27;[0m&amp#27;[36m&amp#27;[1m"User logged out"&amp#27;[0m                            &amp#27;[90m# steps.e2e.HU_UserManagementOperations.theResponseShouldConfirmTheLoggedInUserSession(java.lang.String)&amp#27;[0m
]]></system-out>
  </testcase>
  <testcase name="runScenario[&quot;The user successfully adds a pet with a valid ID 1&quot;, &quot;Manage pets in the Swagger Petstore API&quot;](2)" classname="runners.TestRunner" time="0.071">
    <system-out><![CDATA[
@happy-path @integration-test
Scenario: The user successfully adds a pet with a valid ID 1                                                              &amp#27;[90m# src/test/java/features/integration/sprint1/HU_AddOrUpdateAPetToTheStore.feature:10&amp#27;[0m
Test Started
  &amp#27;[32mGiven &amp#27;[0m&amp#27;[32mthe user has access to the Swagger Petstore API&amp#27;[0m                                                                   &amp#27;[90m# steps.integration.sprint1.HU_AddANewPetToTheStore.theUserHasAccessToTheSwaggerPetstoreAPI()&amp#27;[0m
  &amp#27;[32mWhen &amp#27;[0m&amp#27;[32mthe user makes a POST request to &amp#27;[0m&amp#27;[32m&amp#27;[1m"pet"&amp#27;[0m&amp#27;[32m with valid pet data, including the name &amp#27;[0m&amp#27;[32m&amp#27;[1m"Lucky"&amp#27;[0m&amp#27;[32m, status &amp#27;[0m&amp#27;[32m&amp#27;[1m"placed"&amp#27;[0m&amp#27;[32m and ID &amp#27;[0m&amp#27;[32m&amp#27;[1m"1"&amp#27;[0m &amp#27;[90m# steps.integration.sprint1.HU_AddANewPetToTheStore.theUserMakesAPOSTRequestToPetsWithValidPetDataIncludingTheNameLuckyAndID1(java.lang.String,java.lang.String,java.lang.String,java.lang.String)&amp#27;[0m
  &amp#27;[32mThen &amp#27;[0m&amp#27;[32mthe response should have a status code of &amp#27;[0m&amp#27;[32m&amp#27;[1m200&amp#27;[0m                                                                      &amp#27;[90m# steps.integration.sprint1.HU_AddANewPetToTheStore.theResponseShouldHaveAStatusCodeOf200(int)&amp#27;[0m
  &amp#27;[32mThen &amp#27;[0m&amp#27;[32mthe response body should contain the ID of the new pet&amp#27;[0m                                                             &amp#27;[90m# steps.integration.sprint1.HU_AddANewPetToTheStore.theResponseBodyShouldContainTheIDOfTheNewPet()&amp#27;[0m
]]></system-out>
  </testcase>
  <testcase name="runScenario[&quot;The user successfully adds a pet with a valid ID 2&quot;, &quot;Manage pets in the Swagger Petstore API&quot;](3)" classname="runners.TestRunner" time="0.059">
    <system-out><![CDATA[
@happy-path @integration-test
Scenario: The user successfully adds a pet with a valid ID 2                                                                &amp#27;[90m# src/test/java/features/integration/sprint1/HU_AddOrUpdateAPetToTheStore.feature:16&amp#27;[0m
Test Started
  &amp#27;[32mGiven &amp#27;[0m&amp#27;[32mthe user has access to the Swagger Petstore API&amp#27;[0m                                                                     &amp#27;[90m# steps.integration.sprint1.HU_AddANewPetToTheStore.theUserHasAccessToTheSwaggerPetstoreAPI()&amp#27;[0m
  &amp#27;[32mWhen &amp#27;[0m&amp#27;[32mthe user makes a POST request to &amp#27;[0m&amp#27;[32m&amp#27;[1m"pet"&amp#27;[0m&amp#27;[32m with valid pet data, including the name &amp#27;[0m&amp#27;[32m&amp#27;[1m"Tommy"&amp#27;[0m&amp#27;[32m, status &amp#27;[0m&amp#27;[32m&amp#27;[1m"approved"&amp#27;[0m&amp#27;[32m and ID &amp#27;[0m&amp#27;[32m&amp#27;[1m"2"&amp#27;[0m &amp#27;[90m# steps.integration.sprint1.HU_AddANewPetToTheStore.theUserMakesAPOSTRequestToPetsWithValidPetDataIncludingTheNameLuckyAndID1(java.lang.String,java.lang.String,java.lang.String,java.lang.String)&amp#27;[0m
  &amp#27;[32mThen &amp#27;[0m&amp#27;[32mthe response should have a status code of &amp#27;[0m&amp#27;[32m&amp#27;[1m200&amp#27;[0m                                                                        &amp#27;[90m# steps.integration.sprint1.HU_AddANewPetToTheStore.theResponseShouldHaveAStatusCodeOf200(int)&amp#27;[0m
  &amp#27;[32mThen &amp#27;[0m&amp#27;[32mthe response body should contain the ID of the new pet&amp#27;[0m                                                               &amp#27;[90m# steps.integration.sprint1.HU_AddANewPetToTheStore.theResponseBodyShouldContainTheIDOfTheNewPet()&amp#27;[0m
]]></system-out>
  </testcase>
  <testcase name="runScenario[&quot;Update an existing pet&quot;, &quot;Manage pets in the Swagger Petstore API&quot;](4)" classname="runners.TestRunner" time="0.049">
    <system-out><![CDATA[
@alternative-path @integration-test
Scenario: Update an existing pet                                    &amp#27;[90m# src/test/java/features/integration/sprint1/HU_AddOrUpdateAPetToTheStore.feature:22&amp#27;[0m
Test Started
  &amp#27;[32mGiven &amp#27;[0m&amp#27;[32mthe user has access to the Swagger Petstore API&amp#27;[0m             &amp#27;[90m# steps.integration.sprint1.HU_AddANewPetToTheStore.theUserHasAccessToTheSwaggerPetstoreAPI()&amp#27;[0m
  &amp#27;[32mGiven &amp#27;[0m&amp#27;[32mI have the ID &amp#27;[0m&amp#27;[32m&amp#27;[1m"1"&amp#27;[0m&amp#27;[32m of an existing pet to update&amp#27;[0m              &amp#27;[90m# steps.integration.sprint1.HU_AddANewPetToTheStore.iHaveTheID1OfAnExistingPetToUpdate(java.lang.String)&amp#27;[0m
  &amp#27;[32mWhen &amp#27;[0m&amp#27;[32mI send a request to &amp#27;[0m&amp#27;[32m&amp#27;[1m"pet"&amp#27;[0m&amp#27;[32m update the pet status to &amp#27;[0m&amp#27;[32m&amp#27;[1m"pending"&amp#27;[0m &amp#27;[90m# steps.integration.sprint1.HU_AddANewPetToTheStore.iSendARequestToUpdateThePetStatusToPending(java.lang.String,java.lang.String)&amp#27;[0m
  &amp#27;[32mThen &amp#27;[0m&amp#27;[32mthe pet details should be updated successfully&amp#27;[0m               &amp#27;[90m# steps.integration.sprint1.HU_AddANewPetToTheStore.thePetDetailsShouldBeUpdatedSuccessfully()&amp#27;[0m
]]></system-out>
  </testcase>
  <testcase name="runScenario[&quot;The user successfully deletes a pet with ID 2&quot;, &quot;Manage pets in the Swagger Petstore API&quot;](5)" classname="runners.TestRunner" time="0.038">
    <system-out><![CDATA[
@happy-path @integration-test
Scenario: The user successfully deletes a pet with ID 2           &amp#27;[90m# src/test/java/features/integration/sprint1/HU_AddOrUpdateAPetToTheStore.feature:28&amp#27;[0m
Test Started
  &amp#27;[32mGiven &amp#27;[0m&amp#27;[32mthe user has access to the Swagger Petstore API&amp#27;[0m           &amp#27;[90m# steps.integration.sprint1.HU_AddANewPetToTheStore.theUserHasAccessToTheSwaggerPetstoreAPI()&amp#27;[0m
  &amp#27;[32mWhen &amp#27;[0m&amp#27;[32mthe user makes a DELETE request to &amp#27;[0m&amp#27;[32m&amp#27;[1m"pet/"&amp#27;[0m&amp#27;[32m with the ID &amp#27;[0m&amp#27;[32m&amp#27;[1m"2"&amp#27;[0m  &amp#27;[90m# steps.integration.sprint1.HU_AddANewPetToTheStore.theUserMakesADELETERequestToPetWithTheID2(java.lang.String,java.lang.String)&amp#27;[0m
  &amp#27;[32mThen &amp#27;[0m&amp#27;[32mthe response should have a status code of &amp#27;[0m&amp#27;[32m&amp#27;[1m200&amp#27;[0m              &amp#27;[90m# steps.integration.sprint1.HU_AddANewPetToTheStore.theResponseShouldHaveAStatusCodeOf200(int)&amp#27;[0m
  &amp#27;[32mThen &amp#27;[0m&amp#27;[32mthe response body should contain the message &amp#27;[0m&amp#27;[32m&amp#27;[1m"Pet deleted"&amp#27;[0m &amp#27;[90m# steps.integration.sprint1.HU_AddANewPetToTheStore.theResponseBodyShouldContainTheMessagePetDeleted(java.lang.String)&amp#27;[0m
]]></system-out>
  </testcase>
  <testcase name="runScenario[&quot;Find pets by tags&quot;, &quot;Search pets by various criteria&quot;](6)" classname="runners.TestRunner" time="0.047">
    <system-out><![CDATA[
@happy-path @integration-test
Scenario: Find pets by tags                                                         &amp#27;[90m# src/test/java/features/integration/sprint2/HU_SearchPetsByTagsAndStatus.feature:7&amp#27;[0m
Test Started
  &amp#27;[32mGiven &amp#27;[0m&amp#27;[32mI have the API endpoint to search pets by tags&amp#27;[0m                              &amp#27;[90m# steps.integration.sprint2.HU_SearchPetsByTagsAndStatus.iHaveTheAPIEndpointToSearchPetsByTags()&amp#27;[0m
  &amp#27;[32mWhen &amp#27;[0m&amp#27;[32mI send a GET request to &amp#27;[0m&amp#27;[32m&amp#27;[1m"pet/findByTags?tags="&amp#27;[0m&amp#27;[32m with the valid tag &amp#27;[0m&amp#27;[32m&amp#27;[1m"Friendly"&amp#27;[0m &amp#27;[90m# steps.integration.sprint2.HU_SearchPetsByTagsAndStatus.iSendAGETRequestToPetFindByTagsWithTheValidTagFriendly(java.lang.String,java.lang.String)&amp#27;[0m
  &amp#27;[32mThen &amp#27;[0m&amp#27;[32mI should receive a &amp#27;[0m&amp#27;[32m&amp#27;[1m200&amp#27;[0m&amp#27;[32m status code&amp#27;[0m                                           &amp#27;[90m# steps.integration.sprint2.HU_SearchPetsByTagsAndStatus.iShouldReceiveA200StatusCode(int)&amp#27;[0m
  &amp#27;[32mThen &amp#27;[0m&amp#27;[32mthe response should contain &amp#27;[0m&amp#27;[32m&amp#27;[1m"Friendly"&amp#27;[0m                                       &amp#27;[90m# steps.integration.sprint2.HU_SearchPetsByTagsAndStatus.theResponseShouldContainArrayList(java.lang.String)&amp#27;[0m
]]></system-out>
  </testcase>
  <testcase name="runScenario[&quot;Find pets by tags with an invalid tag&quot;, &quot;Search pets by various criteria&quot;](7)" classname="runners.TestRunner" time="0.043">
    <system-out><![CDATA[
@error-path @integration-test
Scenario: Find pets by tags with an invalid tag                               &amp#27;[90m# src/test/java/features/integration/sprint2/HU_SearchPetsByTagsAndStatus.feature:14&amp#27;[0m
Test Started
  &amp#27;[32mGiven &amp#27;[0m&amp#27;[32mI have the API endpoint to search pets by tags&amp#27;[0m                        &amp#27;[90m# steps.integration.sprint2.HU_SearchPetsByTagsAndStatus.iHaveTheAPIEndpointToSearchPetsByTags()&amp#27;[0m
  &amp#27;[32mWhen &amp#27;[0m&amp#27;[32mI send a GET request to &amp#27;[0m&amp#27;[32m&amp#27;[1m"pet/findByTags?tags="&amp#27;[0m&amp#27;[32m with the invalid tag &amp#27;[0m&amp#27;[32m&amp#27;[1m""&amp#27;[0m &amp#27;[90m# steps.integration.sprint2.HU_SearchPetsByTagsAndStatus.iSendAGETRequestToPetFindByTagsWithTheInvalidTagFriendly(java.lang.String,java.lang.String)&amp#27;[0m
  &amp#27;[32mThen &amp#27;[0m&amp#27;[32mI should receive a &amp#27;[0m&amp#27;[32m&amp#27;[1m400&amp#27;[0m&amp#27;[32m status code&amp#27;[0m                                     &amp#27;[90m# steps.integration.sprint2.HU_SearchPetsByTagsAndStatus.iShouldReceiveA200StatusCode(int)&amp#27;[0m
  &amp#27;[32mThen &amp#27;[0m&amp#27;[32mthe response should contain &amp#27;[0m&amp#27;[32m&amp#27;[1m"No tags provided. Try again?"&amp#27;[0m             &amp#27;[90m# steps.integration.sprint2.HU_SearchPetsByTagsAndStatus.theResponseShouldContainArrayList(java.lang.String)&amp#27;[0m
]]></system-out>
  </testcase>
  <testcase name="runScenario[&quot;Find pets by status&quot;, &quot;Search pets by various criteria&quot;](8)" classname="runners.TestRunner" time="0.044">
    <system-out><![CDATA[
@happy-path @integration-test
Scenario: Find pets by status                                                               &amp#27;[90m# src/test/java/features/integration/sprint2/HU_SearchPetsByTagsAndStatus.feature:21&amp#27;[0m
Test Started
  &amp#27;[32mGiven &amp#27;[0m&amp#27;[32mI have the API endpoint to search for pets by status&amp#27;[0m                                &amp#27;[90m# steps.integration.sprint2.HU_SearchPetsByTagsAndStatus.iHaveTheAPIEndpointToSearchForPetsByStatus()&amp#27;[0m
  &amp#27;[32mWhen &amp#27;[0m&amp#27;[32mI send a GET request to &amp#27;[0m&amp#27;[32m&amp#27;[1m"pet/findByStatus?status="&amp#27;[0m&amp#27;[32m with the valid status &amp#27;[0m&amp#27;[32m&amp#27;[1m"available"&amp#27;[0m &amp#27;[90m# steps.integration.sprint2.HU_SearchPetsByTagsAndStatus.iSendAGETRequestToPetFindByStatusWithTheValidStatusAvailable(java.lang.String,java.lang.String)&amp#27;[0m
  &amp#27;[32mThen &amp#27;[0m&amp#27;[32mI should receive a &amp#27;[0m&amp#27;[32m&amp#27;[1m200&amp#27;[0m&amp#27;[32m status code&amp#27;[0m                                                   &amp#27;[90m# steps.integration.sprint2.HU_SearchPetsByTagsAndStatus.iShouldReceiveA200StatusCode(int)&amp#27;[0m
  &amp#27;[32mThen &amp#27;[0m&amp#27;[32mthe response should contain &amp#27;[0m&amp#27;[32m&amp#27;[1m"available"&amp#27;[0m                                              &amp#27;[90m# steps.integration.sprint2.HU_SearchPetsByTagsAndStatus.theResponseShouldContainArrayList(java.lang.String)&amp#27;[0m
]]></system-out>
  </testcase>
  <testcase name="runScenario[&quot;Find pets by status with an invalid status&quot;, &quot;Search pets by various criteria&quot;](9)" classname="runners.TestRunner" time="0.047">
    <system-out><![CDATA[
@error-path @integration-test
Scenario: Find pets by status with an invalid status                                          &amp#27;[90m# src/test/java/features/integration/sprint2/HU_SearchPetsByTagsAndStatus.feature:28&amp#27;[0m
Test Started
  &amp#27;[32mGiven &amp#27;[0m&amp#27;[32mI have the API endpoint to search for pets by status&amp#27;[0m                                  &amp#27;[90m# steps.integration.sprint2.HU_SearchPetsByTagsAndStatus.iHaveTheAPIEndpointToSearchForPetsByStatus()&amp#27;[0m
  &amp#27;[32mWhen &amp#27;[0m&amp#27;[32mI send a GET request to &amp#27;[0m&amp#27;[32m&amp#27;[1m"pet/findByStatus?status="&amp#27;[0m&amp#27;[32m with the invalid status &amp#27;[0m&amp#27;[32m&amp#27;[1m"available"&amp#27;[0m &amp#27;[90m# steps.integration.sprint2.HU_SearchPetsByTagsAndStatus.iSendAGETRequestToPetFindByStatusWithTheInvalidStatusAvailable(java.lang.String,java.lang.String)&amp#27;[0m
  &amp#27;[32mThen &amp#27;[0m&amp#27;[32mI should receive a &amp#27;[0m&amp#27;[32m&amp#27;[1m200&amp#27;[0m&amp#27;[32m status code&amp#27;[0m                                                     &amp#27;[90m# steps.integration.sprint2.HU_SearchPetsByTagsAndStatus.iShouldReceiveA200StatusCode(int)&amp#27;[0m
  &amp#27;[32mThen &amp#27;[0m&amp#27;[32mthe response should contain &amp#27;[0m&amp#27;[32m&amp#27;[1m"available"&amp#27;[0m                                                &amp#27;[90m# steps.integration.sprint2.HU_SearchPetsByTagsAndStatus.theResponseShouldContainArrayList(java.lang.String)&amp#27;[0m
]]></system-out>
  </testcase>
  <testcase name="runScenario[&quot;Find pet by ID with a valid ID&quot;, &quot;Search pets by various criteria&quot;](10)" classname="runners.TestRunner" time="0.042">
    <system-out><![CDATA[
@happy-path @integration-test
Scenario: Find pet by ID with a valid ID                  &amp#27;[90m# src/test/java/features/integration/sprint2/HU_SearchPetsByTagsAndStatus.feature:35&amp#27;[0m
Test Started
  &amp#27;[32mGiven &amp#27;[0m&amp#27;[32mI have the API endpoint to find a pet by ID&amp#27;[0m       &amp#27;[90m# steps.integration.sprint2.HU_SearchPetsByTagsAndStatus.iHaveTheAPIEndpointToFindAPetByID()&amp#27;[0m
  &amp#27;[32mWhen &amp#27;[0m&amp#27;[32mI send a GET request to &amp#27;[0m&amp#27;[32m&amp#27;[1m"pet/"&amp#27;[0m&amp#27;[32m with the pet ID &amp#27;[0m&amp#27;[32m&amp#27;[1m"1"&amp#27;[0m &amp#27;[90m# steps.integration.sprint2.HU_SearchPetsByTagsAndStatus.iSendAGETRequestToPetWithThePetID99999(java.lang.String,java.lang.String)&amp#27;[0m
  &amp#27;[32mThen &amp#27;[0m&amp#27;[32mI should receive a &amp#27;[0m&amp#27;[32m&amp#27;[1m200&amp#27;[0m&amp#27;[32m status code&amp#27;[0m                 &amp#27;[90m# steps.integration.sprint2.HU_SearchPetsByTagsAndStatus.iShouldReceiveA200StatusCode(int)&amp#27;[0m
  &amp#27;[32mThen &amp#27;[0m&amp#27;[32mthe response should contain &amp#27;[0m&amp#27;[32m&amp#27;[1m"Pet"&amp#27;[0m                  &amp#27;[90m# steps.integration.sprint2.HU_SearchPetsByTagsAndStatus.theResponseShouldContainArrayList(java.lang.String)&amp#27;[0m
]]></system-out>
  </testcase>
  <testcase name="runScenario[&quot;Find pet by ID with an invalid ID&quot;, &quot;Search pets by various criteria&quot;](11)" classname="runners.TestRunner" time="0.05">
    <system-out><![CDATA[
@error-path @integration-test
Scenario: Find pet by ID with an invalid ID                   &amp#27;[90m# src/test/java/features/integration/sprint2/HU_SearchPetsByTagsAndStatus.feature:42&amp#27;[0m
Test Started
  &amp#27;[32mGiven &amp#27;[0m&amp#27;[32mI have the API endpoint to find a pet by ID&amp#27;[0m           &amp#27;[90m# steps.integration.sprint2.HU_SearchPetsByTagsAndStatus.iHaveTheAPIEndpointToFindAPetByID()&amp#27;[0m
  &amp#27;[32mWhen &amp#27;[0m&amp#27;[32mI send a GET request to &amp#27;[0m&amp#27;[32m&amp#27;[1m"pet/"&amp#27;[0m&amp#27;[32m with the pet ID &amp#27;[0m&amp#27;[32m&amp#27;[1m"99999"&amp#27;[0m &amp#27;[90m# steps.integration.sprint2.HU_SearchPetsByTagsAndStatus.iSendAGETRequestToPetWithThePetID99999(java.lang.String,java.lang.String)&amp#27;[0m
  &amp#27;[32mThen &amp#27;[0m&amp#27;[32mI should receive a &amp#27;[0m&amp#27;[32m&amp#27;[1m404&amp#27;[0m&amp#27;[32m status code&amp#27;[0m                     &amp#27;[90m# steps.integration.sprint2.HU_SearchPetsByTagsAndStatus.iShouldReceiveA200StatusCode(int)&amp#27;[0m
  &amp#27;[32mThen &amp#27;[0m&amp#27;[32mthe response should contain &amp#27;[0m&amp#27;[32m&amp#27;[1m"Pet not found"&amp#27;[0m            &amp#27;[90m# steps.integration.sprint2.HU_SearchPetsByTagsAndStatus.theResponseShouldContainArrayList(java.lang.String)&amp#27;[0m
]]></system-out>
  </testcase>
</testsuite>