<?xml version="1.0" encoding="UTF-8"?>
<testng-results ignored="0" total="11" passed="10" failed="1" skipped="0">
  <reporter-output>
  </reporter-output>
  <suite started-at="2025-02-03T04:53:38 COT" name="Surefire suite" finished-at="2025-02-03T04:53:45 COT" duration-ms="6527">
    <groups>
      <group name="cucumber">
        <method signature="AbstractTestNGCucumberTests.runScenario(io.cucumber.testng.PickleWrapper,io.cucumber.testng.FeatureWrapper)[pri:0, instance:runners.TestRunner@4426bff1]" name="runScenario" class="io.cucumber.testng.AbstractTestNGCucumberTests"/>
      </group> <!-- cucumber -->
    </groups>
    <test started-at="2025-02-03T04:53:38 COT" name="Surefire test" finished-at="2025-02-03T04:53:45 COT" duration-ms="6527">
      <class name="runners.TestRunner">
        <test-method is-config="true" signature="setUpClass(org.testng.ITestContext)[pri:0, instance:runners.TestRunner@4426bff1]" started-at="2025-02-03T04:53:38 COT" name="setUpClass" finished-at="2025-02-03T04:53:39 COT" duration-ms="775" status="PASS">
          <params>
            <param index="0">
              <value>
                <![CDATA[org.testng.TestRunner@56ec6ac0]]>
              </value>
            </param>
          </params>
          <reporter-output>
          </reporter-output>
        </test-method> <!-- setUpClass -->
        <test-method signature="runScenario(io.cucumber.testng.PickleWrapper,io.cucumber.testng.FeatureWrapper)[pri:0, instance:runners.TestRunner@4426bff1]" started-at="2025-02-03T04:53:39 COT" name="runScenario" description="Runs Cucumber Scenarios" data-provider="scenarios" finished-at="2025-02-03T04:53:42 COT" duration-ms="2637" status="FAIL">
          <params>
            <param index="0">
              <value>
                <![CDATA["Create, retrieve, log in, and log out a user in one test"]]>
              </value>
            </param>
            <param index="1">
              <value>
                <![CDATA["End-to-End User Management in the Swagger Petstore API"]]>
              </value>
            </param>
          </params>
          <exception class="java.lang.AssertionError">
            <message>
              <![CDATA[The response should contain the message 'Pet deleted' expected [true] but found [false]]]>
            </message>
            <full-stacktrace>
              <![CDATA[java.lang.AssertionError: The response should contain the message 'Pet deleted' expected [true] but found [false]
at org.testng.Assert.fail(Assert.java:110)
at org.testng.Assert.failNotEquals(Assert.java:1413)
at org.testng.Assert.assertTrue(Assert.java:56)
at steps.e2e.HU_UserManagementOperations.theResponseShouldConfirmTheLoggedInUserSession(HU_UserManagementOperations.java:80)
at ✽.the response should confirm the "Logged in user session"(file:///C:/Codigo/local-swagger-petstore-java-restassured/src/test/java/features/e2e/HU_UserManagementE2E.feature:21)
]]>
            </full-stacktrace>
          </exception> <!-- java.lang.AssertionError -->
          <reporter-output>
          </reporter-output>
        </test-method> <!-- runScenario -->
        <test-method signature="runScenario(io.cucumber.testng.PickleWrapper,io.cucumber.testng.FeatureWrapper)[pri:0, instance:runners.TestRunner@4426bff1]" started-at="2025-02-03T04:53:42 COT" name="runScenario" description="Runs Cucumber Scenarios" data-provider="scenarios" finished-at="2025-02-03T04:53:42 COT" duration-ms="77" status="PASS">
          <params>
            <param index="0">
              <value>
                <![CDATA["The user successfully adds a pet with a valid ID 1"]]>
              </value>
            </param>
            <param index="1">
              <value>
                <![CDATA["Manage pets in the Swagger Petstore API"]]>
              </value>
            </param>
          </params>
          <reporter-output>
          </reporter-output>
        </test-method> <!-- runScenario -->
        <test-method signature="runScenario(io.cucumber.testng.PickleWrapper,io.cucumber.testng.FeatureWrapper)[pri:0, instance:runners.TestRunner@4426bff1]" started-at="2025-02-03T04:53:42 COT" name="runScenario" description="Runs Cucumber Scenarios" data-provider="scenarios" finished-at="2025-02-03T04:53:42 COT" duration-ms="58" status="PASS">
          <params>
            <param index="0">
              <value>
                <![CDATA["The user successfully adds a pet with a valid ID 2"]]>
              </value>
            </param>
            <param index="1">
              <value>
                <![CDATA["Manage pets in the Swagger Petstore API"]]>
              </value>
            </param>
          </params>
          <reporter-output>
          </reporter-output>
        </test-method> <!-- runScenario -->
        <test-method signature="runScenario(io.cucumber.testng.PickleWrapper,io.cucumber.testng.FeatureWrapper)[pri:0, instance:runners.TestRunner@4426bff1]" started-at="2025-02-03T04:53:42 COT" name="runScenario" description="Runs Cucumber Scenarios" data-provider="scenarios" finished-at="2025-02-03T04:53:42 COT" duration-ms="48" status="PASS">
          <params>
            <param index="0">
              <value>
                <![CDATA["Update an existing pet"]]>
              </value>
            </param>
            <param index="1">
              <value>
                <![CDATA["Manage pets in the Swagger Petstore API"]]>
              </value>
            </param>
          </params>
          <reporter-output>
          </reporter-output>
        </test-method> <!-- runScenario -->
        <test-method signature="runScenario(io.cucumber.testng.PickleWrapper,io.cucumber.testng.FeatureWrapper)[pri:0, instance:runners.TestRunner@4426bff1]" started-at="2025-02-03T04:53:42 COT" name="runScenario" description="Runs Cucumber Scenarios" data-provider="scenarios" finished-at="2025-02-03T04:53:42 COT" duration-ms="37" status="PASS">
          <params>
            <param index="0">
              <value>
                <![CDATA["The user successfully deletes a pet with ID 2"]]>
              </value>
            </param>
            <param index="1">
              <value>
                <![CDATA["Manage pets in the Swagger Petstore API"]]>
              </value>
            </param>
          </params>
          <reporter-output>
          </reporter-output>
        </test-method> <!-- runScenario -->
        <test-method signature="runScenario(io.cucumber.testng.PickleWrapper,io.cucumber.testng.FeatureWrapper)[pri:0, instance:runners.TestRunner@4426bff1]" started-at="2025-02-03T04:53:42 COT" name="runScenario" description="Runs Cucumber Scenarios" data-provider="scenarios" finished-at="2025-02-03T04:53:42 COT" duration-ms="47" status="PASS">
          <params>
            <param index="0">
              <value>
                <![CDATA["Find pets by tags"]]>
              </value>
            </param>
            <param index="1">
              <value>
                <![CDATA["Search pets by various criteria"]]>
              </value>
            </param>
          </params>
          <reporter-output>
          </reporter-output>
        </test-method> <!-- runScenario -->
        <test-method signature="runScenario(io.cucumber.testng.PickleWrapper,io.cucumber.testng.FeatureWrapper)[pri:0, instance:runners.TestRunner@4426bff1]" started-at="2025-02-03T04:53:42 COT" name="runScenario" description="Runs Cucumber Scenarios" data-provider="scenarios" finished-at="2025-02-03T04:53:42 COT" duration-ms="42" status="PASS">
          <params>
            <param index="0">
              <value>
                <![CDATA["Find pets by tags with an invalid tag"]]>
              </value>
            </param>
            <param index="1">
              <value>
                <![CDATA["Search pets by various criteria"]]>
              </value>
            </param>
          </params>
          <reporter-output>
          </reporter-output>
        </test-method> <!-- runScenario -->
        <test-method signature="runScenario(io.cucumber.testng.PickleWrapper,io.cucumber.testng.FeatureWrapper)[pri:0, instance:runners.TestRunner@4426bff1]" started-at="2025-02-03T04:53:42 COT" name="runScenario" description="Runs Cucumber Scenarios" data-provider="scenarios" finished-at="2025-02-03T04:53:42 COT" duration-ms="44" status="PASS">
          <params>
            <param index="0">
              <value>
                <![CDATA["Find pets by status"]]>
              </value>
            </param>
            <param index="1">
              <value>
                <![CDATA["Search pets by various criteria"]]>
              </value>
            </param>
          </params>
          <reporter-output>
          </reporter-output>
        </test-method> <!-- runScenario -->
        <test-method signature="runScenario(io.cucumber.testng.PickleWrapper,io.cucumber.testng.FeatureWrapper)[pri:0, instance:runners.TestRunner@4426bff1]" started-at="2025-02-03T04:53:42 COT" name="runScenario" description="Runs Cucumber Scenarios" data-provider="scenarios" finished-at="2025-02-03T04:53:42 COT" duration-ms="46" status="PASS">
          <params>
            <param index="0">
              <value>
                <![CDATA["Find pets by status with an invalid status"]]>
              </value>
            </param>
            <param index="1">
              <value>
                <![CDATA["Search pets by various criteria"]]>
              </value>
            </param>
          </params>
          <reporter-output>
          </reporter-output>
        </test-method> <!-- runScenario -->
        <test-method signature="runScenario(io.cucumber.testng.PickleWrapper,io.cucumber.testng.FeatureWrapper)[pri:0, instance:runners.TestRunner@4426bff1]" started-at="2025-02-03T04:53:42 COT" name="runScenario" description="Runs Cucumber Scenarios" data-provider="scenarios" finished-at="2025-02-03T04:53:42 COT" duration-ms="40" status="PASS">
          <params>
            <param index="0">
              <value>
                <![CDATA["Find pet by ID with a valid ID"]]>
              </value>
            </param>
            <param index="1">
              <value>
                <![CDATA["Search pets by various criteria"]]>
              </value>
            </param>
          </params>
          <reporter-output>
          </reporter-output>
        </test-method> <!-- runScenario -->
        <test-method signature="runScenario(io.cucumber.testng.PickleWrapper,io.cucumber.testng.FeatureWrapper)[pri:0, instance:runners.TestRunner@4426bff1]" started-at="2025-02-03T04:53:42 COT" name="runScenario" description="Runs Cucumber Scenarios" data-provider="scenarios" finished-at="2025-02-03T04:53:42 COT" duration-ms="49" status="PASS">
          <params>
            <param index="0">
              <value>
                <![CDATA["Find pet by ID with an invalid ID"]]>
              </value>
            </param>
            <param index="1">
              <value>
                <![CDATA["Search pets by various criteria"]]>
              </value>
            </param>
          </params>
          <reporter-output>
          </reporter-output>
        </test-method> <!-- runScenario -->
        <test-method is-config="true" signature="tearDownClass()[pri:0, instance:runners.TestRunner@4426bff1]" started-at="2025-02-03T04:53:42 COT" name="tearDownClass" finished-at="2025-02-03T04:53:45 COT" duration-ms="2553" status="PASS">
          <reporter-output>
          </reporter-output>
        </test-method> <!-- tearDownClass -->
      </class> <!-- runners.TestRunner -->
    </test> <!-- Surefire test -->
  </suite> <!-- Surefire suite -->
</testng-results>
